{"/Users/rebeccakelley/Documents/src/personal-website/src/App.js": {"path":"/Users/rebeccakelley/Documents/src/personal-website/src/App.js","statementMap":{"0":{"start":{"line":8,"column":12},"end":{"line":20,"column":1}},"1":{"start":{"line":9,"column":4},"end":{"line":19,"column":6}},"2":{"start":{"line":23,"column":14},"end":{"line":51,"column":4}}},"fnMap":{"0":{"name":"(anonymous_0)","decl":{"start":{"line":8,"column":12},"end":{"line":8,"column":13}},"loc":{"start":{"line":8,"column":18},"end":{"line":20,"column":1}},"line":8}},"branchMap":{},"s":{"0":1,"1":2,"2":1},"f":{"0":2},"b":{},"_coverageSchema":"1a1c01bbd47fc00a2c39e90264f33305004495a9","hash":"121e6229da94fe2ed8edb6fe005396b19f28f76c"}
,"/Users/rebeccakelley/Documents/src/personal-website/src/Components/AboutView/AboutView.jsx": {"path":"/Users/rebeccakelley/Documents/src/personal-website/src/Components/AboutView/AboutView.jsx","statementMap":{"0":{"start":{"line":6,"column":15},"end":{"line":28,"column":1}},"1":{"start":{"line":33,"column":22},"end":{"line":39,"column":1}},"2":{"start":{"line":34,"column":20},"end":{"line":34,"column":22}},"3":{"start":{"line":35,"column":2},"end":{"line":37,"column":3}},"4":{"start":{"line":35,"column":12},"end":{"line":35,"column":13}},"5":{"start":{"line":36,"column":6},"end":{"line":36,"column":94}},"6":{"start":{"line":38,"column":2},"end":{"line":38,"column":21}},"7":{"start":{"line":42,"column":18},"end":{"line":82,"column":1}},"8":{"start":{"line":43,"column":4},"end":{"line":81,"column":6}},"9":{"start":{"line":69,"column":45},"end":{"line":76,"column":25}}},"fnMap":{"0":{"name":"(anonymous_0)","decl":{"start":{"line":33,"column":22},"end":{"line":33,"column":23}},"loc":{"start":{"line":33,"column":39},"end":{"line":39,"column":1}},"line":33},"1":{"name":"(anonymous_1)","decl":{"start":{"line":42,"column":18},"end":{"line":42,"column":19}},"loc":{"start":{"line":42,"column":24},"end":{"line":82,"column":1}},"line":42},"2":{"name":"(anonymous_2)","decl":{"start":{"line":69,"column":35},"end":{"line":69,"column":36}},"loc":{"start":{"line":69,"column":44},"end":{"line":76,"column":26}},"line":69}},"branchMap":{},"s":{"0":1,"1":1,"2":42,"3":42,"4":42,"5":166,"6":42,"7":1,"8":2,"9":42},"f":{"0":42,"1":2,"2":42},"b":{},"_coverageSchema":"1a1c01bbd47fc00a2c39e90264f33305004495a9","hash":"73d9fd408186fc239f20d0ba3a3f61f03b82c041"}
,"/Users/rebeccakelley/Documents/src/personal-website/src/Components/LandingView/LandingView.jsx": {"path":"/Users/rebeccakelley/Documents/src/personal-website/src/Components/LandingView/LandingView.jsx","statementMap":{"0":{"start":{"line":4,"column":20},"end":{"line":18,"column":1}},"1":{"start":{"line":6,"column":2},"end":{"line":17,"column":4}}},"fnMap":{"0":{"name":"(anonymous_0)","decl":{"start":{"line":4,"column":20},"end":{"line":4,"column":21}},"loc":{"start":{"line":4,"column":26},"end":{"line":18,"column":1}},"line":4}},"branchMap":{},"s":{"0":1,"1":1},"f":{"0":1},"b":{},"_coverageSchema":"1a1c01bbd47fc00a2c39e90264f33305004495a9","hash":"508f93b59b4f054d4ed34a21fc783c7a5451ee15"}
,"/Users/rebeccakelley/Documents/src/personal-website/src/Components/ProjectsView/ProjectsView.jsx": {"path":"/Users/rebeccakelley/Documents/src/personal-website/src/Components/ProjectsView/ProjectsView.jsx","statementMap":{"0":{"start":{"line":12,"column":16},"end":{"line":47,"column":1}},"1":{"start":{"line":51,"column":21},"end":{"line":216,"column":1}},"2":{"start":{"line":53,"column":21},"end":{"line":90,"column":6}},"3":{"start":{"line":94,"column":50},"end":{"line":94,"column":71}},"4":{"start":{"line":95,"column":44},"end":{"line":95,"column":58}},"5":{"start":{"line":96,"column":38},"end":{"line":96,"column":49}},"6":{"start":{"line":98,"column":33},"end":{"line":104,"column":5}},"7":{"start":{"line":99,"column":8},"end":{"line":103,"column":9}},"8":{"start":{"line":100,"column":12},"end":{"line":100,"column":37}},"9":{"start":{"line":102,"column":12},"end":{"line":102,"column":39}},"10":{"start":{"line":106,"column":2},"end":{"line":215,"column":4}},"11":{"start":{"line":125,"column":16},"end":{"line":157,"column":28}},"12":{"start":{"line":127,"column":35},"end":{"line":127,"column":64}},"13":{"start":{"line":150,"column":47},"end":{"line":150,"column":71}},"14":{"start":{"line":164,"column":32},"end":{"line":164,"column":54}},"15":{"start":{"line":164,"column":55},"end":{"line":164,"column":70}},"16":{"start":{"line":189,"column":43},"end":{"line":189,"column":70}},"17":{"start":{"line":206,"column":43},"end":{"line":206,"column":70}}},"fnMap":{"0":{"name":"(anonymous_0)","decl":{"start":{"line":51,"column":21},"end":{"line":51,"column":22}},"loc":{"start":{"line":51,"column":27},"end":{"line":216,"column":1}},"line":51},"1":{"name":"(anonymous_1)","decl":{"start":{"line":98,"column":33},"end":{"line":98,"column":34}},"loc":{"start":{"line":98,"column":46},"end":{"line":104,"column":5}},"line":98},"2":{"name":"(anonymous_2)","decl":{"start":{"line":124,"column":26},"end":{"line":124,"column":27}},"loc":{"start":{"line":125,"column":16},"end":{"line":157,"column":28}},"line":125},"3":{"name":"(anonymous_3)","decl":{"start":{"line":127,"column":29},"end":{"line":127,"column":30}},"loc":{"start":{"line":127,"column":35},"end":{"line":127,"column":64}},"line":127},"4":{"name":"(anonymous_4)","decl":{"start":{"line":150,"column":41},"end":{"line":150,"column":42}},"loc":{"start":{"line":150,"column":47},"end":{"line":150,"column":71}},"line":150},"5":{"name":"(anonymous_5)","decl":{"start":{"line":164,"column":25},"end":{"line":164,"column":26}},"loc":{"start":{"line":164,"column":31},"end":{"line":164,"column":71}},"line":164},"6":{"name":"(anonymous_6)","decl":{"start":{"line":189,"column":37},"end":{"line":189,"column":38}},"loc":{"start":{"line":189,"column":43},"end":{"line":189,"column":70}},"line":189},"7":{"name":"(anonymous_7)","decl":{"start":{"line":206,"column":37},"end":{"line":206,"column":38}},"loc":{"start":{"line":206,"column":43},"end":{"line":206,"column":70}},"line":206}},"branchMap":{"0":{"loc":{"start":{"line":99,"column":8},"end":{"line":103,"column":9}},"type":"if","locations":[{"start":{"line":99,"column":8},"end":{"line":103,"column":9}},{"start":{"line":101,"column":15},"end":{"line":103,"column":9}}],"line":99},"1":{"loc":{"start":{"line":99,"column":12},"end":{"line":99,"column":68}},"type":"binary-expr","locations":[{"start":{"line":99,"column":12},"end":{"line":99,"column":27}},{"start":{"line":99,"column":31},"end":{"line":99,"column":68}}],"line":99},"2":{"loc":{"start":{"line":128,"column":30},"end":{"line":128,"column":86}},"type":"binary-expr","locations":[{"start":{"line":128,"column":30},"end":{"line":128,"column":45}},{"start":{"line":128,"column":49},"end":{"line":128,"column":86}}],"line":128},"3":{"loc":{"start":{"line":143,"column":29},"end":{"line":146,"column":38}},"type":"binary-expr","locations":[{"start":{"line":143,"column":29},"end":{"line":143,"column":47}},{"start":{"line":144,"column":32},"end":{"line":146,"column":38}}],"line":143},"4":{"loc":{"start":{"line":161,"column":9},"end":{"line":212,"column":20}},"type":"binary-expr","locations":[{"start":{"line":161,"column":9},"end":{"line":161,"column":21}},{"start":{"line":162,"column":12},"end":{"line":212,"column":20}}],"line":161}},"s":{"0":1,"1":1,"2":3,"3":3,"4":2,"5":2,"6":2,"7":0,"8":0,"9":0,"10":2,"11":8,"12":0,"13":0,"14":0,"15":0,"16":0,"17":0},"f":{"0":3,"1":0,"2":8,"3":0,"4":0,"5":0,"6":0,"7":0},"b":{"0":[0,0],"1":[0,0],"2":[8,8],"3":[8,2],"4":[2,0]},"_coverageSchema":"1a1c01bbd47fc00a2c39e90264f33305004495a9","hash":"af6cf723c03a2175ab03e5af46fd52f571cadbe7"}
}
