TN:
SF:src/App.js
FN:8,(anonymous_0)
FNF:1
FNH:1
FNDA:2,(anonymous_0)
DA:8,1
DA:9,2
DA:23,1
LF:3
LH:3
BRF:0
BRH:0
end_of_record
TN:
SF:src/Components/AboutView/AboutView.jsx
FN:33,(anonymous_0)
FN:42,(anonymous_1)
FN:69,(anonymous_2)
FNF:3
FNH:3
FNDA:42,(anonymous_0)
FNDA:2,(anonymous_1)
FNDA:42,(anonymous_2)
DA:6,1
DA:33,1
DA:34,42
DA:35,42
DA:36,166
DA:38,42
DA:42,1
DA:43,2
DA:69,42
LF:9
LH:9
BRF:0
BRH:0
end_of_record
TN:
SF:src/Components/LandingView/LandingView.jsx
FN:4,(anonymous_0)
FNF:1
FNH:1
FNDA:1,(anonymous_0)
DA:4,1
DA:6,1
LF:2
LH:2
BRF:0
BRH:0
end_of_record
TN:
SF:src/Components/ProjectsView/ProjectsView.jsx
FN:51,(anonymous_0)
FN:98,(anonymous_1)
FN:124,(anonymous_2)
FN:127,(anonymous_3)
FN:150,(anonymous_4)
FN:164,(anonymous_5)
FN:189,(anonymous_6)
FN:206,(anonymous_7)
FNF:8
FNH:2
FNDA:3,(anonymous_0)
FNDA:0,(anonymous_1)
FNDA:8,(anonymous_2)
FNDA:0,(anonymous_3)
FNDA:0,(anonymous_4)
FNDA:0,(anonymous_5)
FNDA:0,(anonymous_6)
FNDA:0,(anonymous_7)
DA:12,1
DA:51,1
DA:53,3
DA:94,3
DA:95,2
DA:96,2
DA:98,2
DA:99,0
DA:100,0
DA:102,0
DA:106,2
DA:125,8
DA:127,0
DA:150,0
DA:164,0
DA:189,0
DA:206,0
LF:17
LH:9
BRDA:99,0,0,0
BRDA:99,0,1,0
BRDA:99,1,0,0
BRDA:99,1,1,0
BRDA:128,2,0,8
BRDA:128,2,1,8
BRDA:143,3,0,8
BRDA:143,3,1,2
BRDA:161,4,0,2
BRDA:161,4,1,0
BRF:10
BRH:5
end_of_record
